<?xml version="1.0" encoding="UTF-8"?>
<!-- Generated by org.testng.reporters.JUnitReportReporter -->
<testsuite hostname="DESKTOP-9JUFHR8" failures="0" tests="1" name="com.instarentProjectManagement.testCases.Sr" time="1.869" errors="0" timestamp="2022-03-19T21:36:59 IST" skipped="0">
  <testcase classname="com.instarentProjectManagement.testCases.Sr" name="start" time="1.869"/>
  <system-out/>
</testsuite> <!-- com.instarentProjectManagement.testCases.Sr -->
