<?xml version="1.0" encoding="UTF-8"?>
<!-- Generated by org.testng.reporters.JUnitReportReporter -->
<testsuite hostname="DESKTOP-9JUFHR8" failures="0" tests="1" name="com.instarentProjectManagement.testCases.TC_LoginDDT_0024" time="0.000" errors="0" timestamp="2022-03-23T11:26:24 IST" skipped="1">
  <testcase classname="com.instarentProjectManagement.testCases.TC_LoginDDT_0024" name="loginDDT" time="0.000">
    <skipped/>
  </testcase> <!-- loginDDT -->
  <system-out/>
</testsuite> <!-- com.instarentProjectManagement.testCases.TC_LoginDDT_0024 -->
