<?xml version="1.0" encoding="UTF-8"?>
<!-- Generated by org.testng.reporters.JUnitReportReporter -->
<testsuite hostname="DESKTOP-9JUFHR8" failures="0" tests="1" name="com.instarentProjectManagement.testCases.TC_LoginDDT_002" time="0.000" errors="0" timestamp="2022-03-23T14:23:37 IST" skipped="1">
  <testcase classname="com.instarentProjectManagement.testCases.TC_LoginDDT_002" name="logintest" time="0.000">
    <skipped/>
  </testcase> <!-- logintest -->
  <system-out/>
</testsuite> <!-- com.instarentProjectManagement.testCases.TC_LoginDDT_002 -->
