<?xml version="1.0" encoding="UTF-8"?>
<!-- Generated by org.testng.reporters.JUnitReportReporter -->
<testsuite hostname="DESKTOP-9JUFHR8" failures="0" tests="1" name="com.instarentProjectManagement.Utilities.ReadConfig" time="0.015" errors="0" timestamp="2022-03-19T17:53:36 IST" skipped="0">
  <testcase classname="com.instarentProjectManagement.Utilities.ReadConfig" name="Readconfig" time="0.015"/>
  <system-out/>
</testsuite> <!-- com.instarentProjectManagement.Utilities.ReadConfig -->
