<?xml version="1.0" encoding="UTF-8"?>
<!-- Generated by org.testng.reporters.JUnitReportReporter -->
<testsuite hostname="DESKTOP-9JUFHR8" failures="0" tests="1" name="com.instarentProjectManagement.testCases.ll" time="36.016" errors="0" timestamp="2022-03-19T13:43:17 IST" skipped="0">
  <testcase classname="com.instarentProjectManagement.testCases.ll" name="lls" time="36.016"/>
  <system-out/>
</testsuite> <!-- com.instarentProjectManagement.testCases.ll -->
