<?xml version="1.0" encoding="UTF-8"?>
<!-- Generated by org.testng.reporters.JUnitReportReporter -->
<testsuite skipped="0" hostname="DESKTOP-9JUFHR8" name="com.instarentProjectManagement.testCases.TC_LoginPage_001" tests="1" failures="0" timestamp="2022-03-26T10:12:34 IST" time="12.340" errors="0">
  <testcase name="loginTest" time="12.340" classname="com.instarentProjectManagement.testCases.TC_LoginPage_001"/>
  <system-out/>
</testsuite> <!-- com.instarentProjectManagement.testCases.TC_LoginPage_001 -->
